# JRE version: OpenJDK Runtime Environment (8.0_112-b06) (build 1.8.0_112-release-b06)
# Java VM: OpenJDK 64-Bit Server VM (25.112-b06 mixed mode windows-amd64 compressed oops)
Heap:
 PSYoungGen      total 215552K, used 203051K [0x00000000e0000000, 0x00000000f2800000, 0x0000000100000000)
  eden space 157184K, 100% used [0x00000000e0000000,0x00000000e9980000,0x00000000e9980000)
  from space 58368K, 78% used [0x00000000ed800000,0x00000000f04cac58,0x00000000f1100000)
  to   space 64000K, 10% used [0x00000000e9980000,0x00000000ea054fb8,0x00000000ed800000)
 ParOldGen       total 200192K, used 100885K [0x00000000a0000000, 0x00000000ac380000, 0x00000000e0000000)
  object space 200192K, 50% used [0x00000000a0000000,0x00000000a6285508,0x00000000ac380000)
 Metaspace       used 79483K, capacity 86856K, committed 87000K, reserved 1124352K
  class space    used 10123K, capacity 11137K, committed 11224K, reserved 1048576K
GC Heap History (10 events):
Event: 4163.167 GC heap after
Heap after GC invocations=45 (full 3):
 PSYoungGen      total 228864K, used 35570K [0x00000000e0000000, 0x00000000f1780000, 0x0000000100000000)
  eden space 176640K, 0% used [0x00000000e0000000,0x00000000e0000000,0x00000000eac80000)
  from space 52224K, 68% used [0x00000000ee400000,0x00000000f06bcb60,0x00000000f1700000)
  to   space 54784K, 0% used [0x00000000eac80000,0x00000000eac80000,0x00000000ee200000)
 ParOldGen       total 200192K, used 100059K [0x00000000a0000000, 0x00000000ac380000, 0x00000000e0000000)
  object space 200192K, 49% used [0x00000000a0000000,0x00000000a61b6dd0,0x00000000ac380000)
 Metaspace       used 79315K, capacity 86592K, committed 86744K, reserved 1124352K
  class space    used 10099K, capacity 11113K, committed 11224K, reserved 1048576K
}
Event: 4229.055 GC heap before
{Heap before GC invocations=46 (full 3):
 PSYoungGen      total 228864K, used 212210K [0x00000000e0000000, 0x00000000f1780000, 0x0000000100000000)
  eden space 176640K, 100% used [0x00000000e0000000,0x00000000eac80000,0x00000000eac80000)
  from space 52224K, 68% used [0x00000000ee400000,0x00000000f06bcb60,0x00000000f1700000)
  to   space 54784K, 0% used [0x00000000eac80000,0x00000000eac80000,0x00000000ee200000)
 ParOldGen       total 200192K, used 100059K [0x00000000a0000000, 0x00000000ac380000, 0x00000000e0000000)
  object space 200192K, 49% used [0x00000000a0000000,0x00000000a61b6dd0,0x00000000ac380000)
 Metaspace       used 79354K, capacity 86680K, committed 87000K, reserved 1124352K
  class space    used 10106K, capacity 11121K, committed 11224K, reserved 1048576K
Event: 4229.076 GC heap after
Heap after GC invocations=46 (full 3):
 PSYoungGen      total 177152K, used 5060K [0x00000000e0000000, 0x00000000f1200000, 0x0000000100000000)
  eden space 172032K, 0% used [0x00000000e0000000,0x00000000e0000000,0x00000000ea800000)
  from space 5120K, 98% used [0x00000000eac80000,0x00000000eb171388,0x00000000eb180000)
  to   space 54272K, 0% used [0x00000000edd00000,0x00000000edd00000,0x00000000f1200000)
 ParOldGen       total 200192K, used 100153K [0x00000000a0000000, 0x00000000ac380000, 0x00000000e0000000)
  object space 200192K, 50% used [0x00000000a0000000,0x00000000a61ce4d8,0x00000000ac380000)
 Metaspace       used 79354K, capacity 86680K, committed 87000K, reserved 1124352K
  class space    used 10106K, capacity 11121K, committed 11224K, reserved 1048576K
}
Event: 4229.792 GC heap before
{Heap before GC invocations=47 (full 3):
 PSYoungGen      total 177152K, used 177092K [0x00000000e0000000, 0x00000000f1200000, 0x0000000100000000)
  eden space 172032K, 100% used [0x00000000e0000000,0x00000000ea800000,0x00000000ea800000)
  from space 5120K, 98% used [0x00000000eac80000,0x00000000eb171388,0x00000000eb180000)
  to   space 54272K, 0% used [0x00000000edd00000,0x00000000edd00000,0x00000000f1200000)
 ParOldGen       total 200192K, used 100153K [0x00000000a0000000, 0x00000000ac380000, 0x00000000e0000000)
  object space 200192K, 50% used [0x00000000a0000000,0x00000000a61ce4d8,0x00000000ac380000)
 Metaspace       used 79375K, capacity 86680K, committed 87000K, reserved 1124352K
  class space    used 10106K, capacity 11121K, committed 11224K, reserved 1048576K
Event: 4229.809 GC heap after
Heap after GC invocations=47 (full 3):
 PSYoungGen      total 221184K, used 43804K [0x00000000e0000000, 0x00000000f2600000, 0x0000000100000000)
  eden space 166912K, 0% used [0x00000000e0000000,0x00000000e0000000,0x00000000ea300000)
  from space 54272K, 80% used [0x00000000edd00000,0x00000000f07c7250,0x00000000f1200000)
  to   space 59392K, 0% used [0x00000000ea300000,0x00000000ea300000,0x00000000edd00000)
 ParOldGen       total 200192K, used 100333K [0x00000000a0000000, 0x00000000ac380000, 0x00000000e0000000)
  object space 200192K, 50% used [0x00000000a0000000,0x00000000a61fb4e8,0x00000000ac380000)
 Metaspace       used 79375K, capacity 86680K, committed 87000K, reserved 1124352K
  class space    used 10106K, capacity 11121K, committed 11224K, reserved 1048576K
}
Event: 4406.969 GC heap before
{Heap before GC invocations=48 (full 3):
 PSYoungGen      total 221184K, used 210716K [0x00000000e0000000, 0x00000000f2600000, 0x0000000100000000)
  eden space 166912K, 100% used [0x00000000e0000000,0x00000000ea300000,0x00000000ea300000)
  from space 54272K, 80% used [0x00000000edd00000,0x00000000f07c7250,0x00000000f1200000)
  to   space 59392K, 0% used [0x00000000ea300000,0x00000000ea300000,0x00000000edd00000)
 ParOldGen       total 200192K, used 100333K [0x00000000a0000000, 0x00000000ac380000, 0x00000000e0000000)
  object space 200192K, 50% used [0x00000000a0000000,0x00000000a61fb4e8,0x00000000ac380000)
 Metaspace       used 79436K, capacity 86768K, committed 87000K, reserved 1124352K
  class space    used 10115K, capacity 11129K, committed 11224K, reserved 1048576K
Event: 4406.974 GC heap after
Heap after GC invocations=48 (full 3):
 PSYoungGen      total 169472K, used 6645K [0x00000000e0000000, 0x00000000f1100000, 0x0000000100000000)
  eden space 162816K, 0% used [0x00000000e0000000,0x00000000e0000000,0x00000000e9f00000)
  from space 6656K, 99% used [0x00000000ea300000,0x00000000ea97d408,0x00000000ea980000)
  to   space 58368K, 0% used [0x00000000ed800000,0x00000000ed800000,0x00000000f1100000)
 ParOldGen       total 200192K, used 100529K [0x00000000a0000000, 0x00000000ac380000, 0x00000000e0000000)
  object space 200192K, 50% used [0x00000000a0000000,0x00000000a622c4f8,0x00000000ac380000)
 Metaspace       used 79436K, capacity 86768K, committed 87000K, reserved 1124352K
  class space    used 10115K, capacity 11129K, committed 11224K, reserved 1048576K
}
Event: 4407.489 GC heap before
{Heap before GC invocations=49 (full 3):
 PSYoungGen      total 169472K, used 169461K [0x00000000e0000000, 0x00000000f1100000, 0x0000000100000000)
  eden space 162816K, 100% used [0x00000000e0000000,0x00000000e9f00000,0x00000000e9f00000)
  from space 6656K, 99% used [0x00000000ea300000,0x00000000ea97d408,0x00000000ea980000)
  to   space 58368K, 0% used [0x00000000ed800000,0x00000000ed800000,0x00000000f1100000)
 ParOldGen       total 200192K, used 100529K [0x00000000a0000000, 0x00000000ac380000, 0x00000000e0000000)
  object space 200192K, 50% used [0x00000000a0000000,0x00000000a622c4f8,0x00000000ac380000)
 Metaspace       used 79440K, capacity 86768K, committed 87000K, reserved 1124352K
  class space    used 10115K, capacity 11129K, committed 11224K, reserved 1048576K
Event: 4407.509 GC heap after
Heap after GC invocations=49 (full 3):
 PSYoungGen      total 215552K, used 45867K [0x00000000e0000000, 0x00000000f2800000, 0x0000000100000000)
  eden space 157184K, 0% used [0x00000000e0000000,0x00000000e0000000,0x00000000e9980000)
  from space 58368K, 78% used [0x00000000ed800000,0x00000000f04cac58,0x00000000f1100000)
  to   space 64000K, 0% used [0x00000000e9980000,0x00000000e9980000,0x00000000ed800000)
 ParOldGen       total 200192K, used 100693K [0x00000000a0000000, 0x00000000ac380000, 0x00000000e0000000)
  object space 200192K, 50% used [0x00000000a0000000,0x00000000a6255508,0x00000000ac380000)
 Metaspace       used 79440K, capacity 86768K, committed 87000K, reserved 1124352K
  class space    used 10115K, capacity 11129K, committed 11224K, reserved 1048576K
}
Event: 4455.039 GC heap before
{Heap before GC invocations=50 (full 3):
 PSYoungGen      total 215552K, used 203051K [0x00000000e0000000, 0x00000000f2800000, 0x0000000100000000)
  eden space 157184K, 100% used [0x00000000e0000000,0x00000000e9980000,0x00000000e9980000)
  from space 58368K, 78% used [0x00000000ed800000,0x00000000f04cac58,0x00000000f1100000)
  to   space 64000K, 0% used [0x00000000e9980000,0x00000000e9980000,0x00000000ed800000)
 ParOldGen       total 200192K, used 100693K [0x00000000a0000000, 0x00000000ac380000, 0x00000000e0000000)
  object space 200192K, 50% used [0x00000000a0000000,0x00000000a6255508,0x00000000ac380000)
 Metaspace       used 79483K, capacity 86856K, committed 87000K, reserved 1124352K
  class space    used 10123K, capacity 11137K, committed 11224K, reserved 1048576K

